<?xml version="1.0" encoding="UTF-8"?>
<testsuites name="Mocha Tests" time="3.2520" tests="9" failures="0">
  <testsuite name="Root Suite" timestamp="2021-02-28T18:00:46" tests="0" file="cypress\integration\examples\assertions.spec.js" time="0.0000" failures="0">
  </testsuite>
  <testsuite name="Assertions" timestamp="2021-02-28T18:00:46" tests="0" time="0.0000" failures="0">
  </testsuite>
  <testsuite name="Implicit Assertions" timestamp="2021-02-28T18:00:46" tests="2" time="0.7290" failures="0">
    <testcase name="Assertions Implicit Assertions .should() - make an assertion about the current subject" time="0.5820" classname=".should() - make an assertion about the current subject">
    </testcase>
    <testcase name="Assertions Implicit Assertions .and() - chain multiple assertions together" time="0.1470" classname=".and() - chain multiple assertions together">
    </testcase>
  </testsuite>
  <testsuite name="Explicit Assertions" timestamp="2021-02-28T18:00:48" tests="7" time="2.5230" failures="0">
    <testcase name="Assertions Explicit Assertions expect - make an assertion about a specified subject" time="0.1050" classname="expect - make an assertion about a specified subject">
    </testcase>
    <testcase name="Assertions Explicit Assertions pass your own callback function to should()" time="0.1450" classname="pass your own callback function to should()">
    </testcase>
    <testcase name="Assertions Explicit Assertions finds element by class name regex" time="0.1450" classname="finds element by class name regex">
    </testcase>
    <testcase name="Assertions Explicit Assertions can throw any error" time="0.1280" classname="can throw any error">
    </testcase>
    <testcase name="Assertions Explicit Assertions matches unknown text between two elements" time="0.1940" classname="matches unknown text between two elements">
    </testcase>
    <testcase name="Assertions Explicit Assertions assert - assert shape of an object" time="0.1750" classname="assert - assert shape of an object">
    </testcase>
    <testcase name="Assertions Explicit Assertions retries the should callback until assertions pass" time="1.6310" classname="retries the should callback until assertions pass">
    </testcase>
  </testsuite>
</testsuites>